-- The C compiler identification is GNU 11.4.0
-- The CXX compiler identification is GNU 11.4.0
-- Detecting C compiler ABI info
-- Detecting C compiler ABI info - done
-- Check for working C compiler: /usr/bin/cc - skipped
-- Detecting C compile features
-- Detecting C compile features - done
-- Detecting CXX compiler ABI info
-- Detecting CXX compiler ABI info - done
-- Check for working CXX compiler: /usr/bin/c++ - skipped
-- Detecting CXX compile features
-- Detecting CXX compile features - done
-- Found ament_cmake: 1.3.11 (/opt/ros/humble/share/ament_cmake/cmake)
-- Found Python3: /usr/bin/python3 (found version "3.10.12") found components: Interpreter 
-- Found ament_lint_auto: 0.12.12 (/opt/ros/humble/share/ament_lint_auto/cmake)
-- Added test 'lint_cmake' to check CMake code style
-- Added test 'xmllint' to check XML markup files
-- Configuring done
-- Generating done
-- Build files have been written to: /home/tommyu22/dde_amr_ws/src/build/dde_amr_controller
-- Install configuration: ""
-- Installing: /home/tommyu22/dde_amr_ws/src/install/dde_amr_controller/share/ament_index/resource_index/package_run_dependencies/dde_amr_controller
-- Installing: /home/tommyu22/dde_amr_ws/src/install/dde_amr_controller/share/ament_index/resource_index/parent_prefix_path/dde_amr_controller
-- Installing: /home/tommyu22/dde_amr_ws/src/install/dde_amr_controller/share/dde_amr_controller/environment/ament_prefix_path.sh
-- Installing: /home/tommyu22/dde_amr_ws/src/install/dde_amr_controller/share/dde_amr_controller/environment/ament_prefix_path.dsv
-- Installing: /home/tommyu22/dde_amr_ws/src/install/dde_amr_controller/share/dde_amr_controller/environment/path.sh
-- Installing: /home/tommyu22/dde_amr_ws/src/install/dde_amr_controller/share/dde_amr_controller/environment/path.dsv
-- Installing: /home/tommyu22/dde_amr_ws/src/install/dde_amr_controller/share/dde_amr_controller/local_setup.bash
-- Installing: /home/tommyu22/dde_amr_ws/src/install/dde_amr_controller/share/dde_amr_controller/local_setup.sh
-- Installing: /home/tommyu22/dde_amr_ws/src/install/dde_amr_controller/share/dde_amr_controller/local_setup.zsh
-- Installing: /home/tommyu22/dde_amr_ws/src/install/dde_amr_controller/share/dde_amr_controller/local_setup.dsv
-- Installing: /home/tommyu22/dde_amr_ws/src/install/dde_amr_controller/share/dde_amr_controller/package.dsv
-- Installing: /home/tommyu22/dde_amr_ws/src/install/dde_amr_controller/share/ament_index/resource_index/packages/dde_amr_controller
-- Installing: /home/tommyu22/dde_amr_ws/src/install/dde_amr_controller/share/dde_amr_controller/cmake/dde_amr_controllerConfig.cmake
-- Installing: /home/tommyu22/dde_amr_ws/src/install/dde_amr_controller/share/dde_amr_controller/cmake/dde_amr_controllerConfig-version.cmake
-- Installing: /home/tommyu22/dde_amr_ws/src/install/dde_amr_controller/share/dde_amr_controller/package.xml
