[0.012s] Invoking command in '/home/tommyu22/dde_amr_ws/src/build/dde_amr_controller': CMAKE_PREFIX_PATH=/opt/ros/humble /usr/bin/cmake /home/tommyu22/dde_amr_ws/src/dde_amr_controller -DCMAKE_INSTALL_PREFIX=/home/tommyu22/dde_amr_ws/src/install/dde_amr_controller
[0.211s] -- The C compiler identification is GNU 11.4.0
[0.361s] -- The CXX compiler identification is GNU 11.4.0
[0.403s] -- Detecting C compiler ABI info
[0.456s] -- Detecting C compiler ABI info - done
[0.459s] -- Check for working C compiler: /usr/bin/cc - skipped
[0.459s] -- Detecting C compile features
[0.460s] -- Detecting C compile features - done
[0.462s] -- Detecting CXX compiler ABI info
[0.512s] -- Detecting CXX compiler ABI info - done
[0.516s] -- Check for working CXX compiler: /usr/bin/c++ - skipped
[0.516s] -- Detecting CXX compile features
[0.516s] -- Detecting CXX compile features - done
[0.525s] -- Found ament_cmake: 1.3.11 (/opt/ros/humble/share/ament_cmake/cmake)
[0.597s] -- Found Python3: /usr/bin/python3 (found version "3.10.12") found components: Interpreter 
[0.664s] -- Found ament_lint_auto: 0.12.12 (/opt/ros/humble/share/ament_lint_auto/cmake)
[0.711s] -- Added test 'lint_cmake' to check CMake code style
[0.712s] -- Added test 'xmllint' to check XML markup files
[0.713s] -- Configuring done
[0.715s] -- Generating done
[0.716s] -- Build files have been written to: /home/tommyu22/dde_amr_ws/src/build/dde_amr_controller
[0.720s] Invoked command in '/home/tommyu22/dde_amr_ws/src/build/dde_amr_controller' returned '0': CMAKE_PREFIX_PATH=/opt/ros/humble /usr/bin/cmake /home/tommyu22/dde_amr_ws/src/dde_amr_controller -DCMAKE_INSTALL_PREFIX=/home/tommyu22/dde_amr_ws/src/install/dde_amr_controller
[0.720s] Invoking command in '/home/tommyu22/dde_amr_ws/src/build/dde_amr_controller': CMAKE_PREFIX_PATH=/opt/ros/humble /usr/bin/cmake --build /home/tommyu22/dde_amr_ws/src/build/dde_amr_controller -- -j28 -l28
[0.740s] Invoked command in '/home/tommyu22/dde_amr_ws/src/build/dde_amr_controller' returned '0': CMAKE_PREFIX_PATH=/opt/ros/humble /usr/bin/cmake --build /home/tommyu22/dde_amr_ws/src/build/dde_amr_controller -- -j28 -l28
[0.741s] Invoking command in '/home/tommyu22/dde_amr_ws/src/build/dde_amr_controller': CMAKE_PREFIX_PATH=/opt/ros/humble /usr/bin/cmake --install /home/tommyu22/dde_amr_ws/src/build/dde_amr_controller
[0.743s] -- Install configuration: ""
[0.744s] -- Installing: /home/tommyu22/dde_amr_ws/src/install/dde_amr_controller/share/ament_index/resource_index/package_run_dependencies/dde_amr_controller
[0.744s] -- Installing: /home/tommyu22/dde_amr_ws/src/install/dde_amr_controller/share/ament_index/resource_index/parent_prefix_path/dde_amr_controller
[0.744s] -- Installing: /home/tommyu22/dde_amr_ws/src/install/dde_amr_controller/share/dde_amr_controller/environment/ament_prefix_path.sh
[0.744s] -- Installing: /home/tommyu22/dde_amr_ws/src/install/dde_amr_controller/share/dde_amr_controller/environment/ament_prefix_path.dsv
[0.744s] -- Installing: /home/tommyu22/dde_amr_ws/src/install/dde_amr_controller/share/dde_amr_controller/environment/path.sh
[0.744s] -- Installing: /home/tommyu22/dde_amr_ws/src/install/dde_amr_controller/share/dde_amr_controller/environment/path.dsv
[0.745s] -- Installing: /home/tommyu22/dde_amr_ws/src/install/dde_amr_controller/share/dde_amr_controller/local_setup.bash
[0.745s] -- Installing: /home/tommyu22/dde_amr_ws/src/install/dde_amr_controller/share/dde_amr_controller/local_setup.sh
[0.745s] -- Installing: /home/tommyu22/dde_amr_ws/src/install/dde_amr_controller/share/dde_amr_controller/local_setup.zsh
[0.745s] -- Installing: /home/tommyu22/dde_amr_ws/src/install/dde_amr_controller/share/dde_amr_controller/local_setup.dsv
[0.745s] -- Installing: /home/tommyu22/dde_amr_ws/src/install/dde_amr_controller/share/dde_amr_controller/package.dsv
[0.745s] -- Installing: /home/tommyu22/dde_amr_ws/src/install/dde_amr_controller/share/ament_index/resource_index/packages/dde_amr_controller
[0.745s] -- Installing: /home/tommyu22/dde_amr_ws/src/install/dde_amr_controller/share/dde_amr_controller/cmake/dde_amr_controllerConfig.cmake
[0.745s] -- Installing: /home/tommyu22/dde_amr_ws/src/install/dde_amr_controller/share/dde_amr_controller/cmake/dde_amr_controllerConfig-version.cmake
[0.745s] -- Installing: /home/tommyu22/dde_amr_ws/src/install/dde_amr_controller/share/dde_amr_controller/package.xml
[0.746s] Invoked command in '/home/tommyu22/dde_amr_ws/src/build/dde_amr_controller' returned '0': CMAKE_PREFIX_PATH=/opt/ros/humble /usr/bin/cmake --install /home/tommyu22/dde_amr_ws/src/build/dde_amr_controller
