[0.120s] DEBUG:colcon:Command line arguments: ['/usr/bin/colcon', 'build']
[0.121s] DEBUG:colcon:Parsed command line arguments: Namespace(log_base=None, log_level=None, verb_name='build', build_base='build', install_base='install', merge_install=False, symlink_install=False, test_result_base=None, continue_on_error=False, executor='parallel', parallel_workers=28, event_handlers=None, ignore_user_meta=False, metas=['./colcon.meta'], base_paths=['.'], packages_ignore=None, packages_ignore_regex=None, paths=None, packages_up_to=None, packages_up_to_regex=None, packages_above=None, packages_above_and_dependencies=None, packages_above_depth=None, packages_select_by_dep=None, packages_skip_by_dep=None, packages_skip_up_to=None, packages_select_build_failed=False, packages_skip_build_finished=False, packages_select_test_failures=False, packages_skip_test_passed=False, packages_select=None, packages_skip=None, packages_select_regex=None, packages_skip_regex=None, packages_start=None, packages_end=None, allow_overriding=[], cmake_args=None, cmake_target=None, cmake_target_skip_unavailable=False, cmake_clean_cache=False, cmake_clean_first=False, cmake_force_configure=False, ament_cmake_args=None, catkin_cmake_args=None, catkin_skip_building_tests=False, mixin_files=None, mixin=None, verb_parser=<colcon_mixin.mixin.mixin_argument.MixinArgumentDecorator object at 0x703173d59f90>, verb_extension=<colcon_core.verb.build.BuildVerb object at 0x703173ed6470>, main=<bound method BuildVerb.main of <colcon_core.verb.build.BuildVerb object at 0x703173ed6470>>, mixin_verb=('build',))
[0.405s] Level 1:colcon.colcon_core.package_discovery:discover_packages(colcon_meta) check parameters
[0.405s] Level 1:colcon.colcon_core.package_discovery:discover_packages(recursive) check parameters
[0.405s] Level 1:colcon.colcon_core.package_discovery:discover_packages(ignore) check parameters
[0.405s] Level 1:colcon.colcon_core.package_discovery:discover_packages(path) check parameters
[0.405s] Level 1:colcon.colcon_core.package_discovery:discover_packages(colcon_meta) discover
[0.405s] Level 1:colcon.colcon_core.package_discovery:discover_packages(recursive) discover
[0.405s] INFO:colcon.colcon_core.package_discovery:Crawling recursively for packages in '/home/tommyu22/dde_amr_ws/src'
[0.405s] Level 1:colcon.colcon_core.package_identification:_identify(.) by extensions ['ignore', 'ignore_ament_install']
[0.405s] Level 1:colcon.colcon_core.package_identification:_identify(.) by extension 'ignore'
[0.405s] Level 1:colcon.colcon_core.package_identification:_identify(.) by extension 'ignore_ament_install'
[0.405s] Level 1:colcon.colcon_core.package_identification:_identify(.) by extensions ['colcon_pkg']
[0.405s] Level 1:colcon.colcon_core.package_identification:_identify(.) by extension 'colcon_pkg'
[0.405s] Level 1:colcon.colcon_core.package_identification:_identify(.) by extensions ['colcon_meta']
[0.405s] Level 1:colcon.colcon_core.package_identification:_identify(.) by extension 'colcon_meta'
[0.405s] Level 1:colcon.colcon_core.package_identification:_identify(.) by extensions ['ros']
[0.405s] Level 1:colcon.colcon_core.package_identification:_identify(.) by extension 'ros'
[0.410s] Level 1:colcon.colcon_core.package_identification:_identify(.) by extensions ['cmake', 'python']
[0.410s] Level 1:colcon.colcon_core.package_identification:_identify(.) by extension 'cmake'
[0.410s] Level 1:colcon.colcon_core.package_identification:_identify(.) by extension 'python'
[0.410s] Level 1:colcon.colcon_core.package_identification:_identify(.) by extensions ['python_setup_py']
[0.410s] Level 1:colcon.colcon_core.package_identification:_identify(.) by extension 'python_setup_py'
[0.410s] Level 1:colcon.colcon_core.package_identification:_identify(build) by extensions ['ignore', 'ignore_ament_install']
[0.410s] Level 1:colcon.colcon_core.package_identification:_identify(build) by extension 'ignore'
[0.410s] Level 1:colcon.colcon_core.package_identification:_identify(build) ignored
[0.411s] Level 1:colcon.colcon_core.package_identification:_identify(dde_amr_controller) by extensions ['ignore', 'ignore_ament_install']
[0.411s] Level 1:colcon.colcon_core.package_identification:_identify(dde_amr_controller) by extension 'ignore'
[0.411s] Level 1:colcon.colcon_core.package_identification:_identify(dde_amr_controller) by extension 'ignore_ament_install'
[0.411s] Level 1:colcon.colcon_core.package_identification:_identify(dde_amr_controller) by extensions ['colcon_pkg']
[0.411s] Level 1:colcon.colcon_core.package_identification:_identify(dde_amr_controller) by extension 'colcon_pkg'
[0.411s] Level 1:colcon.colcon_core.package_identification:_identify(dde_amr_controller) by extensions ['colcon_meta']
[0.411s] Level 1:colcon.colcon_core.package_identification:_identify(dde_amr_controller) by extension 'colcon_meta'
[0.411s] Level 1:colcon.colcon_core.package_identification:_identify(dde_amr_controller) by extensions ['ros']
[0.411s] Level 1:colcon.colcon_core.package_identification:_identify(dde_amr_controller) by extension 'ros'
[0.413s] DEBUG:colcon.colcon_core.package_identification:Package 'dde_amr_controller' with type 'ros.ament_cmake' and name 'dde_amr_controller'
[0.413s] Level 1:colcon.colcon_core.package_identification:_identify(dde_amr_description) by extensions ['ignore', 'ignore_ament_install']
[0.413s] Level 1:colcon.colcon_core.package_identification:_identify(dde_amr_description) by extension 'ignore'
[0.413s] Level 1:colcon.colcon_core.package_identification:_identify(dde_amr_description) by extension 'ignore_ament_install'
[0.413s] Level 1:colcon.colcon_core.package_identification:_identify(dde_amr_description) by extensions ['colcon_pkg']
[0.413s] Level 1:colcon.colcon_core.package_identification:_identify(dde_amr_description) by extension 'colcon_pkg'
[0.413s] Level 1:colcon.colcon_core.package_identification:_identify(dde_amr_description) by extensions ['colcon_meta']
[0.413s] Level 1:colcon.colcon_core.package_identification:_identify(dde_amr_description) by extension 'colcon_meta'
[0.413s] Level 1:colcon.colcon_core.package_identification:_identify(dde_amr_description) by extensions ['ros']
[0.413s] Level 1:colcon.colcon_core.package_identification:_identify(dde_amr_description) by extension 'ros'
[0.414s] DEBUG:colcon.colcon_core.package_identification:Package 'dde_amr_description' with type 'ros.ament_cmake' and name 'dde_amr_description'
[0.414s] Level 1:colcon.colcon_core.package_identification:_identify(install) by extensions ['ignore', 'ignore_ament_install']
[0.414s] Level 1:colcon.colcon_core.package_identification:_identify(install) by extension 'ignore'
[0.414s] Level 1:colcon.colcon_core.package_identification:_identify(install) ignored
[0.414s] Level 1:colcon.colcon_core.package_identification:_identify(log) by extensions ['ignore', 'ignore_ament_install']
[0.415s] Level 1:colcon.colcon_core.package_identification:_identify(log) by extension 'ignore'
[0.415s] Level 1:colcon.colcon_core.package_identification:_identify(log) ignored
[0.415s] Level 1:colcon.colcon_core.package_discovery:discover_packages(recursive) using defaults
[0.415s] Level 1:colcon.colcon_core.package_discovery:discover_packages(ignore) discover
[0.415s] Level 1:colcon.colcon_core.package_discovery:discover_packages(ignore) using defaults
[0.415s] Level 1:colcon.colcon_core.package_discovery:discover_packages(path) discover
[0.415s] Level 1:colcon.colcon_core.package_discovery:discover_packages(path) using defaults
[0.440s] Level 1:colcon.colcon_core.package_discovery:discover_packages(prefix_path) check parameters
[0.440s] Level 1:colcon.colcon_core.package_discovery:discover_packages(prefix_path) discover
[0.443s] DEBUG:colcon.colcon_installed_package_information.package_discovery:Found 293 installed packages in /opt/ros/humble
[0.443s] Level 1:colcon.colcon_core.package_discovery:discover_packages(prefix_path) using defaults
[0.461s] Level 5:colcon.colcon_core.verb:set package 'dde_amr_controller' build argument 'cmake_args' from command line to 'None'
[0.461s] Level 5:colcon.colcon_core.verb:set package 'dde_amr_controller' build argument 'cmake_target' from command line to 'None'
[0.461s] Level 5:colcon.colcon_core.verb:set package 'dde_amr_controller' build argument 'cmake_target_skip_unavailable' from command line to 'False'
[0.461s] Level 5:colcon.colcon_core.verb:set package 'dde_amr_controller' build argument 'cmake_clean_cache' from command line to 'False'
[0.461s] Level 5:colcon.colcon_core.verb:set package 'dde_amr_controller' build argument 'cmake_clean_first' from command line to 'False'
[0.461s] Level 5:colcon.colcon_core.verb:set package 'dde_amr_controller' build argument 'cmake_force_configure' from command line to 'False'
[0.461s] Level 5:colcon.colcon_core.verb:set package 'dde_amr_controller' build argument 'ament_cmake_args' from command line to 'None'
[0.461s] Level 5:colcon.colcon_core.verb:set package 'dde_amr_controller' build argument 'catkin_cmake_args' from command line to 'None'
[0.461s] Level 5:colcon.colcon_core.verb:set package 'dde_amr_controller' build argument 'catkin_skip_building_tests' from command line to 'False'
[0.461s] DEBUG:colcon.colcon_core.verb:Building package 'dde_amr_controller' with the following arguments: {'ament_cmake_args': None, 'build_base': '/home/tommyu22/dde_amr_ws/src/build/dde_amr_controller', 'catkin_cmake_args': None, 'catkin_skip_building_tests': False, 'cmake_args': None, 'cmake_clean_cache': False, 'cmake_clean_first': False, 'cmake_force_configure': False, 'cmake_target': None, 'cmake_target_skip_unavailable': False, 'install_base': '/home/tommyu22/dde_amr_ws/src/install/dde_amr_controller', 'merge_install': False, 'path': '/home/tommyu22/dde_amr_ws/src/dde_amr_controller', 'symlink_install': False, 'test_result_base': None}
[0.461s] Level 5:colcon.colcon_core.verb:set package 'dde_amr_description' build argument 'cmake_args' from command line to 'None'
[0.461s] Level 5:colcon.colcon_core.verb:set package 'dde_amr_description' build argument 'cmake_target' from command line to 'None'
[0.461s] Level 5:colcon.colcon_core.verb:set package 'dde_amr_description' build argument 'cmake_target_skip_unavailable' from command line to 'False'
[0.461s] Level 5:colcon.colcon_core.verb:set package 'dde_amr_description' build argument 'cmake_clean_cache' from command line to 'False'
[0.461s] Level 5:colcon.colcon_core.verb:set package 'dde_amr_description' build argument 'cmake_clean_first' from command line to 'False'
[0.461s] Level 5:colcon.colcon_core.verb:set package 'dde_amr_description' build argument 'cmake_force_configure' from command line to 'False'
[0.461s] Level 5:colcon.colcon_core.verb:set package 'dde_amr_description' build argument 'ament_cmake_args' from command line to 'None'
[0.461s] Level 5:colcon.colcon_core.verb:set package 'dde_amr_description' build argument 'catkin_cmake_args' from command line to 'None'
[0.461s] Level 5:colcon.colcon_core.verb:set package 'dde_amr_description' build argument 'catkin_skip_building_tests' from command line to 'False'
[0.461s] DEBUG:colcon.colcon_core.verb:Building package 'dde_amr_description' with the following arguments: {'ament_cmake_args': None, 'build_base': '/home/tommyu22/dde_amr_ws/src/build/dde_amr_description', 'catkin_cmake_args': None, 'catkin_skip_building_tests': False, 'cmake_args': None, 'cmake_clean_cache': False, 'cmake_clean_first': False, 'cmake_force_configure': False, 'cmake_target': None, 'cmake_target_skip_unavailable': False, 'install_base': '/home/tommyu22/dde_amr_ws/src/install/dde_amr_description', 'merge_install': False, 'path': '/home/tommyu22/dde_amr_ws/src/dde_amr_description', 'symlink_install': False, 'test_result_base': None}
[0.461s] INFO:colcon.colcon_core.executor:Executing jobs using 'parallel' executor
[0.461s] DEBUG:colcon.colcon_parallel_executor.executor.parallel:run_until_complete
[0.462s] INFO:colcon.colcon_ros.task.ament_cmake.build:Building ROS package in '/home/tommyu22/dde_amr_ws/src/dde_amr_controller' with build type 'ament_cmake'
[0.462s] INFO:colcon.colcon_cmake.task.cmake.build:Building CMake package in '/home/tommyu22/dde_amr_ws/src/dde_amr_controller'
[0.467s] INFO:colcon.colcon_core.plugin_system:Skipping extension 'colcon_core.shell.bat': Not used on non-Windows systems
[0.467s] INFO:colcon.colcon_core.shell:Skip shell extension 'powershell' for command environment: Not usable outside of PowerShell
[0.467s] DEBUG:colcon.colcon_core.shell:Skip shell extension 'dsv' for command environment
[0.469s] INFO:colcon.colcon_ros.task.ament_cmake.build:Building ROS package in '/home/tommyu22/dde_amr_ws/src/dde_amr_description' with build type 'ament_cmake'
[0.469s] INFO:colcon.colcon_cmake.task.cmake.build:Building CMake package in '/home/tommyu22/dde_amr_ws/src/dde_amr_description'
[0.469s] INFO:colcon.colcon_core.shell:Skip shell extension 'powershell' for command environment: Not usable outside of PowerShell
[0.469s] DEBUG:colcon.colcon_core.shell:Skip shell extension 'dsv' for command environment
[0.474s] DEBUG:colcon.colcon_core.event_handler.log_command:Invoking command in '/home/tommyu22/dde_amr_ws/src/build/dde_amr_controller': CMAKE_PREFIX_PATH=/opt/ros/humble /usr/bin/cmake /home/tommyu22/dde_amr_ws/src/dde_amr_controller -DCMAKE_INSTALL_PREFIX=/home/tommyu22/dde_amr_ws/src/install/dde_amr_controller
[0.476s] DEBUG:colcon.colcon_core.event_handler.log_command:Invoking command in '/home/tommyu22/dde_amr_ws/src/build/dde_amr_description': CMAKE_PREFIX_PATH=/opt/ros/humble /usr/bin/cmake /home/tommyu22/dde_amr_ws/src/dde_amr_description -DCMAKE_INSTALL_PREFIX=/home/tommyu22/dde_amr_ws/src/install/dde_amr_description
[1.180s] DEBUG:colcon.colcon_core.event_handler.log_command:Invoked command in '/home/tommyu22/dde_amr_ws/src/build/dde_amr_description' returned '0': CMAKE_PREFIX_PATH=/opt/ros/humble /usr/bin/cmake /home/tommyu22/dde_amr_ws/src/dde_amr_description -DCMAKE_INSTALL_PREFIX=/home/tommyu22/dde_amr_ws/src/install/dde_amr_description
[1.181s] DEBUG:colcon.colcon_core.event_handler.log_command:Invoking command in '/home/tommyu22/dde_amr_ws/src/build/dde_amr_description': CMAKE_PREFIX_PATH=/opt/ros/humble /usr/bin/cmake --build /home/tommyu22/dde_amr_ws/src/build/dde_amr_description -- -j28 -l28
[1.182s] DEBUG:colcon.colcon_core.event_handler.log_command:Invoked command in '/home/tommyu22/dde_amr_ws/src/build/dde_amr_controller' returned '0': CMAKE_PREFIX_PATH=/opt/ros/humble /usr/bin/cmake /home/tommyu22/dde_amr_ws/src/dde_amr_controller -DCMAKE_INSTALL_PREFIX=/home/tommyu22/dde_amr_ws/src/install/dde_amr_controller
[1.182s] DEBUG:colcon.colcon_core.event_handler.log_command:Invoking command in '/home/tommyu22/dde_amr_ws/src/build/dde_amr_controller': CMAKE_PREFIX_PATH=/opt/ros/humble /usr/bin/cmake --build /home/tommyu22/dde_amr_ws/src/build/dde_amr_controller -- -j28 -l28
[1.197s] DEBUG:colcon.colcon_core.event_handler.log_command:Invoked command in '/home/tommyu22/dde_amr_ws/src/build/dde_amr_description' returned '0': CMAKE_PREFIX_PATH=/opt/ros/humble /usr/bin/cmake --build /home/tommyu22/dde_amr_ws/src/build/dde_amr_description -- -j28 -l28
[1.201s] DEBUG:colcon.colcon_core.event_handler.log_command:Invoking command in '/home/tommyu22/dde_amr_ws/src/build/dde_amr_description': CMAKE_PREFIX_PATH=/opt/ros/humble /usr/bin/cmake --install /home/tommyu22/dde_amr_ws/src/build/dde_amr_description
[1.202s] DEBUG:colcon.colcon_core.event_handler.log_command:Invoked command in '/home/tommyu22/dde_amr_ws/src/build/dde_amr_controller' returned '0': CMAKE_PREFIX_PATH=/opt/ros/humble /usr/bin/cmake --build /home/tommyu22/dde_amr_ws/src/build/dde_amr_controller -- -j28 -l28
[1.202s] DEBUG:colcon.colcon_core.event_handler.log_command:Invoking command in '/home/tommyu22/dde_amr_ws/src/build/dde_amr_controller': CMAKE_PREFIX_PATH=/opt/ros/humble /usr/bin/cmake --install /home/tommyu22/dde_amr_ws/src/build/dde_amr_controller
[1.208s] Level 1:colcon.colcon_core.environment:create_environment_scripts_only(dde_amr_controller)
[1.208s] DEBUG:colcon.colcon_core.event_handler.log_command:Invoked command in '/home/tommyu22/dde_amr_ws/src/build/dde_amr_controller' returned '0': CMAKE_PREFIX_PATH=/opt/ros/humble /usr/bin/cmake --install /home/tommyu22/dde_amr_ws/src/build/dde_amr_controller
[1.219s] Level 1:colcon.colcon_core.environment:checking '/home/tommyu22/dde_amr_ws/src/install/dde_amr_controller' for CMake module files
[1.219s] Level 1:colcon.colcon_core.environment:checking '/home/tommyu22/dde_amr_ws/src/install/dde_amr_controller' for CMake config files
[1.219s] Level 1:colcon.colcon_core.shell:create_environment_hook('dde_amr_controller', 'cmake_prefix_path')
[1.219s] INFO:colcon.colcon_core.shell:Creating environment hook '/home/tommyu22/dde_amr_ws/src/install/dde_amr_controller/share/dde_amr_controller/hook/cmake_prefix_path.ps1'
[1.220s] INFO:colcon.colcon_core.shell:Creating environment descriptor '/home/tommyu22/dde_amr_ws/src/install/dde_amr_controller/share/dde_amr_controller/hook/cmake_prefix_path.dsv'
[1.221s] INFO:colcon.colcon_core.shell:Creating environment hook '/home/tommyu22/dde_amr_ws/src/install/dde_amr_controller/share/dde_amr_controller/hook/cmake_prefix_path.sh'
[1.222s] Level 1:colcon.colcon_core.environment:checking '/home/tommyu22/dde_amr_ws/src/install/dde_amr_controller/bin'
[1.222s] Level 1:colcon.colcon_core.environment:checking '/home/tommyu22/dde_amr_ws/src/install/dde_amr_controller/lib/pkgconfig/dde_amr_controller.pc'
[1.222s] Level 1:colcon.colcon_core.environment:checking '/home/tommyu22/dde_amr_ws/src/install/dde_amr_controller/lib/python3.10/site-packages'
[1.222s] Level 1:colcon.colcon_core.environment:checking '/home/tommyu22/dde_amr_ws/src/install/dde_amr_controller/bin'
[1.222s] INFO:colcon.colcon_core.shell:Creating package script '/home/tommyu22/dde_amr_ws/src/install/dde_amr_controller/share/dde_amr_controller/package.ps1'
[1.223s] INFO:colcon.colcon_core.shell:Creating package descriptor '/home/tommyu22/dde_amr_ws/src/install/dde_amr_controller/share/dde_amr_controller/package.dsv'
[1.224s] INFO:colcon.colcon_core.shell:Creating package script '/home/tommyu22/dde_amr_ws/src/install/dde_amr_controller/share/dde_amr_controller/package.sh'
[1.225s] INFO:colcon.colcon_core.shell:Creating package script '/home/tommyu22/dde_amr_ws/src/install/dde_amr_controller/share/dde_amr_controller/package.bash'
[1.226s] INFO:colcon.colcon_core.shell:Creating package script '/home/tommyu22/dde_amr_ws/src/install/dde_amr_controller/share/dde_amr_controller/package.zsh'
[1.227s] Level 1:colcon.colcon_core.environment:create_file_with_runtime_dependencies(/home/tommyu22/dde_amr_ws/src/install/dde_amr_controller/share/colcon-core/packages/dde_amr_controller)
[1.227s] Level 1:colcon.colcon_core.environment:create_environment_scripts_only(dde_amr_controller)
[1.227s] Level 1:colcon.colcon_core.environment:checking '/home/tommyu22/dde_amr_ws/src/install/dde_amr_controller' for CMake module files
[1.228s] Level 1:colcon.colcon_core.environment:checking '/home/tommyu22/dde_amr_ws/src/install/dde_amr_controller' for CMake config files
[1.228s] Level 1:colcon.colcon_core.shell:create_environment_hook('dde_amr_controller', 'cmake_prefix_path')
[1.228s] INFO:colcon.colcon_core.shell:Creating environment hook '/home/tommyu22/dde_amr_ws/src/install/dde_amr_controller/share/dde_amr_controller/hook/cmake_prefix_path.ps1'
[1.228s] INFO:colcon.colcon_core.shell:Creating environment descriptor '/home/tommyu22/dde_amr_ws/src/install/dde_amr_controller/share/dde_amr_controller/hook/cmake_prefix_path.dsv'
[1.228s] INFO:colcon.colcon_core.shell:Creating environment hook '/home/tommyu22/dde_amr_ws/src/install/dde_amr_controller/share/dde_amr_controller/hook/cmake_prefix_path.sh'
[1.228s] Level 1:colcon.colcon_core.environment:checking '/home/tommyu22/dde_amr_ws/src/install/dde_amr_controller/bin'
[1.228s] Level 1:colcon.colcon_core.environment:checking '/home/tommyu22/dde_amr_ws/src/install/dde_amr_controller/lib/pkgconfig/dde_amr_controller.pc'
[1.229s] Level 1:colcon.colcon_core.environment:checking '/home/tommyu22/dde_amr_ws/src/install/dde_amr_controller/lib/python3.10/site-packages'
[1.229s] Level 1:colcon.colcon_core.environment:checking '/home/tommyu22/dde_amr_ws/src/install/dde_amr_controller/bin'
[1.229s] INFO:colcon.colcon_core.shell:Creating package script '/home/tommyu22/dde_amr_ws/src/install/dde_amr_controller/share/dde_amr_controller/package.ps1'
[1.229s] INFO:colcon.colcon_core.shell:Creating package descriptor '/home/tommyu22/dde_amr_ws/src/install/dde_amr_controller/share/dde_amr_controller/package.dsv'
[1.229s] INFO:colcon.colcon_core.shell:Creating package script '/home/tommyu22/dde_amr_ws/src/install/dde_amr_controller/share/dde_amr_controller/package.sh'
[1.230s] INFO:colcon.colcon_core.shell:Creating package script '/home/tommyu22/dde_amr_ws/src/install/dde_amr_controller/share/dde_amr_controller/package.bash'
[1.230s] INFO:colcon.colcon_core.shell:Creating package script '/home/tommyu22/dde_amr_ws/src/install/dde_amr_controller/share/dde_amr_controller/package.zsh'
[1.230s] Level 1:colcon.colcon_core.environment:create_file_with_runtime_dependencies(/home/tommyu22/dde_amr_ws/src/install/dde_amr_controller/share/colcon-core/packages/dde_amr_controller)
[1.452s] Level 1:colcon.colcon_core.environment:create_environment_scripts_only(dde_amr_description)
[1.452s] Level 1:colcon.colcon_core.environment:checking '/home/tommyu22/dde_amr_ws/src/install/dde_amr_description' for CMake module files
[1.453s] DEBUG:colcon.colcon_core.event_handler.log_command:Invoked command in '/home/tommyu22/dde_amr_ws/src/build/dde_amr_description' returned '0': CMAKE_PREFIX_PATH=/opt/ros/humble /usr/bin/cmake --install /home/tommyu22/dde_amr_ws/src/build/dde_amr_description
[1.453s] Level 1:colcon.colcon_core.environment:checking '/home/tommyu22/dde_amr_ws/src/install/dde_amr_description' for CMake config files
[1.453s] Level 1:colcon.colcon_core.shell:create_environment_hook('dde_amr_description', 'cmake_prefix_path')
[1.453s] INFO:colcon.colcon_core.shell:Creating environment hook '/home/tommyu22/dde_amr_ws/src/install/dde_amr_description/share/dde_amr_description/hook/cmake_prefix_path.ps1'
[1.453s] INFO:colcon.colcon_core.shell:Creating environment descriptor '/home/tommyu22/dde_amr_ws/src/install/dde_amr_description/share/dde_amr_description/hook/cmake_prefix_path.dsv'
[1.454s] INFO:colcon.colcon_core.shell:Creating environment hook '/home/tommyu22/dde_amr_ws/src/install/dde_amr_description/share/dde_amr_description/hook/cmake_prefix_path.sh'
[1.454s] Level 1:colcon.colcon_core.environment:checking '/home/tommyu22/dde_amr_ws/src/install/dde_amr_description/bin'
[1.454s] Level 1:colcon.colcon_core.environment:checking '/home/tommyu22/dde_amr_ws/src/install/dde_amr_description/lib/pkgconfig/dde_amr_description.pc'
[1.454s] Level 1:colcon.colcon_core.environment:checking '/home/tommyu22/dde_amr_ws/src/install/dde_amr_description/lib/python3.10/site-packages'
[1.454s] Level 1:colcon.colcon_core.environment:checking '/home/tommyu22/dde_amr_ws/src/install/dde_amr_description/bin'
[1.454s] INFO:colcon.colcon_core.shell:Creating package script '/home/tommyu22/dde_amr_ws/src/install/dde_amr_description/share/dde_amr_description/package.ps1'
[1.454s] INFO:colcon.colcon_core.shell:Creating package descriptor '/home/tommyu22/dde_amr_ws/src/install/dde_amr_description/share/dde_amr_description/package.dsv'
[1.454s] INFO:colcon.colcon_core.shell:Creating package script '/home/tommyu22/dde_amr_ws/src/install/dde_amr_description/share/dde_amr_description/package.sh'
[1.455s] INFO:colcon.colcon_core.shell:Creating package script '/home/tommyu22/dde_amr_ws/src/install/dde_amr_description/share/dde_amr_description/package.bash'
[1.455s] INFO:colcon.colcon_core.shell:Creating package script '/home/tommyu22/dde_amr_ws/src/install/dde_amr_description/share/dde_amr_description/package.zsh'
[1.455s] Level 1:colcon.colcon_core.environment:create_file_with_runtime_dependencies(/home/tommyu22/dde_amr_ws/src/install/dde_amr_description/share/colcon-core/packages/dde_amr_description)
[1.455s] Level 1:colcon.colcon_core.environment:create_environment_scripts_only(dde_amr_description)
[1.455s] Level 1:colcon.colcon_core.environment:checking '/home/tommyu22/dde_amr_ws/src/install/dde_amr_description' for CMake module files
[1.455s] Level 1:colcon.colcon_core.environment:checking '/home/tommyu22/dde_amr_ws/src/install/dde_amr_description' for CMake config files
[1.456s] Level 1:colcon.colcon_core.shell:create_environment_hook('dde_amr_description', 'cmake_prefix_path')
[1.456s] INFO:colcon.colcon_core.shell:Creating environment hook '/home/tommyu22/dde_amr_ws/src/install/dde_amr_description/share/dde_amr_description/hook/cmake_prefix_path.ps1'
[1.456s] INFO:colcon.colcon_core.shell:Creating environment descriptor '/home/tommyu22/dde_amr_ws/src/install/dde_amr_description/share/dde_amr_description/hook/cmake_prefix_path.dsv'
[1.456s] INFO:colcon.colcon_core.shell:Creating environment hook '/home/tommyu22/dde_amr_ws/src/install/dde_amr_description/share/dde_amr_description/hook/cmake_prefix_path.sh'
[1.456s] Level 1:colcon.colcon_core.environment:checking '/home/tommyu22/dde_amr_ws/src/install/dde_amr_description/bin'
[1.456s] Level 1:colcon.colcon_core.environment:checking '/home/tommyu22/dde_amr_ws/src/install/dde_amr_description/lib/pkgconfig/dde_amr_description.pc'
[1.456s] Level 1:colcon.colcon_core.environment:checking '/home/tommyu22/dde_amr_ws/src/install/dde_amr_description/lib/python3.10/site-packages'
[1.456s] Level 1:colcon.colcon_core.environment:checking '/home/tommyu22/dde_amr_ws/src/install/dde_amr_description/bin'
[1.457s] INFO:colcon.colcon_core.shell:Creating package script '/home/tommyu22/dde_amr_ws/src/install/dde_amr_description/share/dde_amr_description/package.ps1'
[1.457s] INFO:colcon.colcon_core.shell:Creating package descriptor '/home/tommyu22/dde_amr_ws/src/install/dde_amr_description/share/dde_amr_description/package.dsv'
[1.457s] INFO:colcon.colcon_core.shell:Creating package script '/home/tommyu22/dde_amr_ws/src/install/dde_amr_description/share/dde_amr_description/package.sh'
[1.457s] INFO:colcon.colcon_core.shell:Creating package script '/home/tommyu22/dde_amr_ws/src/install/dde_amr_description/share/dde_amr_description/package.bash'
[1.457s] INFO:colcon.colcon_core.shell:Creating package script '/home/tommyu22/dde_amr_ws/src/install/dde_amr_description/share/dde_amr_description/package.zsh'
[1.457s] Level 1:colcon.colcon_core.environment:create_file_with_runtime_dependencies(/home/tommyu22/dde_amr_ws/src/install/dde_amr_description/share/colcon-core/packages/dde_amr_description)
[1.458s] DEBUG:colcon.colcon_parallel_executor.executor.parallel:closing loop
[1.458s] DEBUG:colcon.colcon_parallel_executor.executor.parallel:loop closed
[1.458s] DEBUG:colcon.colcon_parallel_executor.executor.parallel:run_until_complete finished with '0'
[1.458s] DEBUG:colcon.colcon_core.event_reactor:joining thread
[1.472s] INFO:colcon.colcon_core.plugin_system:Skipping extension 'colcon_notification.desktop_notification.notify_send': Could not find 'notify-send'
[1.472s] INFO:colcon.colcon_core.plugin_system:Skipping extension 'colcon_notification.desktop_notification.terminal_notifier': Not used on non-Darwin systems
[1.472s] INFO:colcon.colcon_core.plugin_system:Skipping extension 'colcon_notification.desktop_notification.win32': Not used on non-Windows systems
[1.472s] INFO:colcon.colcon_notification.desktop_notification:Sending desktop notification using 'notify2'
[1.472s] DEBUG:colcon.colcon_notification.desktop_notification.notify2:Failed to initialize notify2: org.freedesktop.DBus.Error.FileNotFound: Failed to connect to socket /run/user/1000/bus: No such file or directory
[1.472s] DEBUG:colcon.colcon_core.event_reactor:joined thread
[1.472s] INFO:colcon.colcon_core.shell:Creating prefix script '/home/tommyu22/dde_amr_ws/src/install/local_setup.ps1'
[1.473s] INFO:colcon.colcon_core.shell:Creating prefix util module '/home/tommyu22/dde_amr_ws/src/install/_local_setup_util_ps1.py'
[1.474s] INFO:colcon.colcon_core.shell:Creating prefix chain script '/home/tommyu22/dde_amr_ws/src/install/setup.ps1'
[1.474s] INFO:colcon.colcon_core.shell:Creating prefix script '/home/tommyu22/dde_amr_ws/src/install/local_setup.sh'
[1.475s] INFO:colcon.colcon_core.shell:Creating prefix util module '/home/tommyu22/dde_amr_ws/src/install/_local_setup_util_sh.py'
[1.475s] INFO:colcon.colcon_core.shell:Creating prefix chain script '/home/tommyu22/dde_amr_ws/src/install/setup.sh'
[1.476s] INFO:colcon.colcon_core.shell:Creating prefix script '/home/tommyu22/dde_amr_ws/src/install/local_setup.bash'
[1.476s] INFO:colcon.colcon_core.shell:Creating prefix chain script '/home/tommyu22/dde_amr_ws/src/install/setup.bash'
[1.477s] INFO:colcon.colcon_core.shell:Creating prefix script '/home/tommyu22/dde_amr_ws/src/install/local_setup.zsh'
[1.477s] INFO:colcon.colcon_core.shell:Creating prefix chain script '/home/tommyu22/dde_amr_ws/src/install/setup.zsh'
