[0.007s] Invoking command in '/home/tommyu22/dde_amr_ws/src/build/dde_amr_description': CMAKE_PREFIX_PATH=/opt/ros/humble /usr/bin/cmake /home/tommyu22/dde_amr_ws/src/dde_amr_description -DCMAKE_INSTALL_PREFIX=/home/tommyu22/dde_amr_ws/src/install/dde_amr_description
[0.204s] -- The C compiler identification is GNU 11.4.0
[0.354s] -- The CXX compiler identification is GNU 11.4.0
[0.396s] -- Detecting C compiler ABI info
[0.449s] -- Detecting C compiler ABI info - done
[0.453s] -- Check for working C compiler: /usr/bin/cc - skipped
[0.453s] -- Detecting C compile features
[0.453s] -- Detecting C compile features - done
[0.455s] -- Detecting CXX compiler ABI info
[0.505s] -- Detecting CXX compiler ABI info - done
[0.508s] -- Check for working CXX compiler: /usr/bin/c++ - skipped
[0.509s] -- Detecting CXX compile features
[0.509s] -- Detecting CXX compile features - done
[0.518s] -- Found ament_cmake: 1.3.11 (/opt/ros/humble/share/ament_cmake/cmake)
[0.590s] -- Found Python3: /usr/bin/python3 (found version "3.10.12") found components: Interpreter 
[0.657s] -- Found ament_lint_auto: 0.12.12 (/opt/ros/humble/share/ament_lint_auto/cmake)
[0.703s] -- Added test 'flake8' to check Python code syntax and style conventions
[0.704s] -- Added test 'lint_cmake' to check CMake code style
[0.704s] -- Added test 'pep257' to check Python code against some of the docstring style conventions in PEP 257
[0.705s] -- Added test 'xmllint' to check XML markup files
[0.706s] -- Configuring done
[0.708s] -- Generating done
[0.709s] -- Build files have been written to: /home/tommyu22/dde_amr_ws/src/build/dde_amr_description
[0.711s] Invoked command in '/home/tommyu22/dde_amr_ws/src/build/dde_amr_description' returned '0': CMAKE_PREFIX_PATH=/opt/ros/humble /usr/bin/cmake /home/tommyu22/dde_amr_ws/src/dde_amr_description -DCMAKE_INSTALL_PREFIX=/home/tommyu22/dde_amr_ws/src/install/dde_amr_description
[0.712s] Invoking command in '/home/tommyu22/dde_amr_ws/src/build/dde_amr_description': CMAKE_PREFIX_PATH=/opt/ros/humble /usr/bin/cmake --build /home/tommyu22/dde_amr_ws/src/build/dde_amr_description -- -j28 -l28
[0.728s] Invoked command in '/home/tommyu22/dde_amr_ws/src/build/dde_amr_description' returned '0': CMAKE_PREFIX_PATH=/opt/ros/humble /usr/bin/cmake --build /home/tommyu22/dde_amr_ws/src/build/dde_amr_description -- -j28 -l28
[0.732s] Invoking command in '/home/tommyu22/dde_amr_ws/src/build/dde_amr_description': CMAKE_PREFIX_PATH=/opt/ros/humble /usr/bin/cmake --install /home/tommyu22/dde_amr_ws/src/build/dde_amr_description
[0.735s] -- Install configuration: ""
[0.735s] -- Installing: /home/tommyu22/dde_amr_ws/src/install/dde_amr_description/share/dde_amr_description/meshes
[0.735s] -- Installing: /home/tommyu22/dde_amr_ws/src/install/dde_amr_description/share/dde_amr_description/meshes/base_link.STL
[0.966s] -- Installing: /home/tommyu22/dde_amr_ws/src/install/dde_amr_description/share/dde_amr_description/meshes/left_wheel_link.STL
[0.966s] -- Installing: /home/tommyu22/dde_amr_ws/src/install/dde_amr_description/share/dde_amr_description/meshes/front_lidar_link.STL
[0.970s] -- Installing: /home/tommyu22/dde_amr_ws/src/install/dde_amr_description/share/dde_amr_description/meshes/rear_lidar_link.STL
[0.973s] -- Installing: /home/tommyu22/dde_amr_ws/src/install/dde_amr_description/share/dde_amr_description/meshes/right_wheel_link.STL
[0.974s] -- Installing: /home/tommyu22/dde_amr_ws/src/install/dde_amr_description/share/dde_amr_description/meshes/caster_one_link.STL
[0.979s] -- Installing: /home/tommyu22/dde_amr_ws/src/install/dde_amr_description/share/dde_amr_description/meshes/caster_wheel_link.STL
[0.980s] -- Installing: /home/tommyu22/dde_amr_ws/src/install/dde_amr_description/share/dde_amr_description/urdf
[0.980s] -- Installing: /home/tommyu22/dde_amr_ws/src/install/dde_amr_description/share/dde_amr_description/urdf/dde_amr.urdf.xacro
[0.980s] -- Installing: /home/tommyu22/dde_amr_ws/src/install/dde_amr_description/share/dde_amr_description/urdf/dde_amr_ros2_control.xacro
[0.980s] -- Installing: /home/tommyu22/dde_amr_ws/src/install/dde_amr_description/share/dde_amr_description/urdf/dde_amr_gazebo.xacro
[0.981s] -- Installing: /home/tommyu22/dde_amr_ws/src/install/dde_amr_description/share/dde_amr_description/launch
[0.981s] -- Installing: /home/tommyu22/dde_amr_ws/src/install/dde_amr_description/share/dde_amr_description/launch/gazebo.launch.py
[0.981s] -- Installing: /home/tommyu22/dde_amr_ws/src/install/dde_amr_description/share/dde_amr_description/launch/display.launch.py
[0.981s] -- Installing: /home/tommyu22/dde_amr_ws/src/install/dde_amr_description/share/dde_amr_description/rviz
[0.981s] -- Installing: /home/tommyu22/dde_amr_ws/src/install/dde_amr_description/share/dde_amr_description/rviz/display_main.rviz
[0.981s] -- Installing: /home/tommyu22/dde_amr_ws/src/install/dde_amr_description/share/ament_index/resource_index/package_run_dependencies/dde_amr_description
[0.981s] -- Installing: /home/tommyu22/dde_amr_ws/src/install/dde_amr_description/share/ament_index/resource_index/parent_prefix_path/dde_amr_description
[0.981s] -- Installing: /home/tommyu22/dde_amr_ws/src/install/dde_amr_description/share/dde_amr_description/environment/ament_prefix_path.sh
[0.982s] -- Installing: /home/tommyu22/dde_amr_ws/src/install/dde_amr_description/share/dde_amr_description/environment/ament_prefix_path.dsv
[0.982s] -- Installing: /home/tommyu22/dde_amr_ws/src/install/dde_amr_description/share/dde_amr_description/environment/path.sh
[0.982s] -- Installing: /home/tommyu22/dde_amr_ws/src/install/dde_amr_description/share/dde_amr_description/environment/path.dsv
[0.982s] -- Installing: /home/tommyu22/dde_amr_ws/src/install/dde_amr_description/share/dde_amr_description/local_setup.bash
[0.982s] -- Installing: /home/tommyu22/dde_amr_ws/src/install/dde_amr_description/share/dde_amr_description/local_setup.sh
[0.982s] -- Installing: /home/tommyu22/dde_amr_ws/src/install/dde_amr_description/share/dde_amr_description/local_setup.zsh
[0.982s] -- Installing: /home/tommyu22/dde_amr_ws/src/install/dde_amr_description/share/dde_amr_description/local_setup.dsv
[0.982s] -- Installing: /home/tommyu22/dde_amr_ws/src/install/dde_amr_description/share/dde_amr_description/package.dsv
[0.982s] -- Installing: /home/tommyu22/dde_amr_ws/src/install/dde_amr_description/share/ament_index/resource_index/packages/dde_amr_description
[0.982s] -- Installing: /home/tommyu22/dde_amr_ws/src/install/dde_amr_description/share/dde_amr_description/cmake/dde_amr_descriptionConfig.cmake
[0.982s] -- Installing: /home/tommyu22/dde_amr_ws/src/install/dde_amr_description/share/dde_amr_description/cmake/dde_amr_descriptionConfig-version.cmake
[0.982s] -- Installing: /home/tommyu22/dde_amr_ws/src/install/dde_amr_description/share/dde_amr_description/package.xml
[0.984s] Invoked command in '/home/tommyu22/dde_amr_ws/src/build/dde_amr_description' returned '0': CMAKE_PREFIX_PATH=/opt/ros/humble /usr/bin/cmake --install /home/tommyu22/dde_amr_ws/src/build/dde_amr_description
